<?xml version="1.0" encoding="UTF-8" ?><testsuite errors="0" name="jasmine.specs" tests="0" failures="0" skipped="0" hostname="localhost" time="0.0" timestamp="2017-06-12T17:35:19"/>